  Bai077.cpp
C:\Users\quang\OneDrive\Documents\GitHub\BaiTapKieuCauTruc\23520493_23521082_23521462_23521604_23521672_BT05\Bai077\Bai077.cpp(64,7): error C2679: binary '<<': no operator found which takes a right-hand operand of type 'hso' (or there is no acceptable conversion)
C:\Program Files\Microsoft Visual Studio\2022\Community\VC\Tools\MSVC\14.37.32822\include\ostream(481,39): message : could be 'std::basic_ostream<char,std::char_traits<char>> &std::basic_ostream<char,std::char_traits<char>>::operator <<(std::basic_streambuf<char,std::char_traits<char>> *)'
C:\Program Files\Microsoft Visual Studio\2022\Community\VC\Tools\MSVC\14.37.32822\include\ostream(449,39): message : or       'std::basic_ostream<char,std::char_traits<char>> &std::basic_ostream<char,std::char_traits<char>>::operator <<(const void *)'
C:\Program Files\Microsoft Visual Studio\2022\Community\VC\Tools\MSVC\14.37.32822\include\ostream(431,39): message : or       'std::basic_ostream<char,std::char_traits<char>> &std::basic_ostream<char,std::char_traits<char>>::operator <<(long double)'
C:\Program Files\Microsoft Visual Studio\2022\Community\VC\Tools\MSVC\14.37.32822\include\ostream(413,39): message : or       'std::basic_ostream<char,std::char_traits<char>> &std::basic_ostream<char,std::char_traits<char>>::operator <<(double)'
C:\Program Files\Microsoft Visual Studio\2022\Community\VC\Tools\MSVC\14.37.32822\include\ostream(395,39): message : or       'std::basic_ostream<char,std::char_traits<char>> &std::basic_ostream<char,std::char_traits<char>>::operator <<(float)'
C:\Program Files\Microsoft Visual Studio\2022\Community\VC\Tools\MSVC\14.37.32822\include\ostream(377,39): message : or       'std::basic_ostream<char,std::char_traits<char>> &std::basic_ostream<char,std::char_traits<char>>::operator <<(unsigned __int64)'
C:\Program Files\Microsoft Visual Studio\2022\Community\VC\Tools\MSVC\14.37.32822\include\ostream(359,39): message : or       'std::basic_ostream<char,std::char_traits<char>> &std::basic_ostream<char,std::char_traits<char>>::operator <<(__int64)'
C:\Program Files\Microsoft Visual Studio\2022\Community\VC\Tools\MSVC\14.37.32822\include\ostream(341,39): message : or       'std::basic_ostream<char,std::char_traits<char>> &std::basic_ostream<char,std::char_traits<char>>::operator <<(unsigned long)'
C:\Program Files\Microsoft Visual Studio\2022\Community\VC\Tools\MSVC\14.37.32822\include\ostream(323,39): message : or       'std::basic_ostream<char,std::char_traits<char>> &std::basic_ostream<char,std::char_traits<char>>::operator <<(long)'
C:\Program Files\Microsoft Visual Studio\2022\Community\VC\Tools\MSVC\14.37.32822\include\ostream(304,39): message : or       'std::basic_ostream<char,std::char_traits<char>> &std::basic_ostream<char,std::char_traits<char>>::operator <<(unsigned int)'
C:\Program Files\Microsoft Visual Studio\2022\Community\VC\Tools\MSVC\14.37.32822\include\ostream(278,39): message : or       'std::basic_ostream<char,std::char_traits<char>> &std::basic_ostream<char,std::char_traits<char>>::operator <<(int)'
C:\Program Files\Microsoft Visual Studio\2022\Community\VC\Tools\MSVC\14.37.32822\include\ostream(259,39): message : or       'std::basic_ostream<char,std::char_traits<char>> &std::basic_ostream<char,std::char_traits<char>>::operator <<(unsigned short)'
C:\Program Files\Microsoft Visual Studio\2022\Community\VC\Tools\MSVC\14.37.32822\include\ostream(225,39): message : or       'std::basic_ostream<char,std::char_traits<char>> &std::basic_ostream<char,std::char_traits<char>>::operator <<(short)'
C:\Program Files\Microsoft Visual Studio\2022\Community\VC\Tools\MSVC\14.37.32822\include\ostream(207,39): message : or       'std::basic_ostream<char,std::char_traits<char>> &std::basic_ostream<char,std::char_traits<char>>::operator <<(bool)'
C:\Program Files\Microsoft Visual Studio\2022\Community\VC\Tools\MSVC\14.37.32822\include\ostream(201,39): message : or       'std::basic_ostream<char,std::char_traits<char>> &std::basic_ostream<char,std::char_traits<char>>::operator <<(std::ios_base &(__cdecl *)(std::ios_base &))'
C:\Program Files\Microsoft Visual Studio\2022\Community\VC\Tools\MSVC\14.37.32822\include\ostream(195,39): message : or       'std::basic_ostream<char,std::char_traits<char>> &std::basic_ostream<char,std::char_traits<char>>::operator <<(std::basic_ios<char,std::char_traits<char>> &(__cdecl *)(std::basic_ios<char,std::char_traits<char>> &))'
C:\Program Files\Microsoft Visual Studio\2022\Community\VC\Tools\MSVC\14.37.32822\include\ostream(190,39): message : or       'std::basic_ostream<char,std::char_traits<char>> &std::basic_ostream<char,std::char_traits<char>>::operator <<(std::basic_ostream<char,std::char_traits<char>> &(__cdecl *)(std::basic_ostream<char,std::char_traits<char>> &))'
C:\Program Files\Microsoft Visual Studio\2022\Community\VC\Tools\MSVC\14.37.32822\include\ostream(1081,32): message : or       'std::basic_ostream<_Elem,_Traits> &std::operator <<(std::basic_ostream<_Elem,_Traits> &,const std::error_code &)'
C:\Users\quang\OneDrive\Documents\GitHub\BaiTapKieuCauTruc\23520493_23521082_23521462_23521604_23521672_BT05\Bai077\Bai077.cpp(64,39): message : 'initializing': cannot convert from 'hso' to 'const std::error_code &'
C:\Users\quang\OneDrive\Documents\GitHub\BaiTapKieuCauTruc\23520493_23521082_23521462_23521604_23521672_BT05\Bai077\Bai077.cpp(64,39): message : Reason: cannot convert from 'hso' to 'const std::error_code'
C:\Users\quang\OneDrive\Documents\GitHub\BaiTapKieuCauTruc\23520493_23521082_23521462_23521604_23521672_BT05\Bai077\Bai077.cpp(64,39): message : No user-defined-conversion operator available that can perform this conversion, or the operator cannot be called
C:\Program Files\Microsoft Visual Studio\2022\Community\VC\Tools\MSVC\14.37.32822\include\ostream(1004,9): message : or       '_Ostr &&std::operator <<(_Ostr &&,const _Ty &)'
C:\Users\quang\OneDrive\Documents\GitHub\BaiTapKieuCauTruc\23520493_23521082_23521462_23521604_23521672_BT05\Bai077\Bai077.cpp(64,7): message : '_Ostr &&std::operator <<(_Ostr &&,const _Ty &)': could not deduce template argument for '__formal'
C:\Program Files\Microsoft Visual Studio\2022\Community\VC\Tools\MSVC\14.37.32822\include\ostream(946,31): message : or       'std::basic_ostream<char,_Traits> &std::operator <<(std::basic_ostream<char,_Traits> &,unsigned char)'
C:\Users\quang\OneDrive\Documents\GitHub\BaiTapKieuCauTruc\23520493_23521082_23521462_23521604_23521672_BT05\Bai077\Bai077.cpp(64,39): message : 'initializing': cannot convert from 'hso' to 'unsigned char'
C:\Users\quang\OneDrive\Documents\GitHub\BaiTapKieuCauTruc\23520493_23521082_23521462_23521604_23521672_BT05\Bai077\Bai077.cpp(64,39): message : No user-defined-conversion operator available that can perform this conversion, or the operator cannot be called
C:\Program Files\Microsoft Visual Studio\2022\Community\VC\Tools\MSVC\14.37.32822\include\ostream(940,31): message : or       'std::basic_ostream<char,_Traits> &std::operator <<(std::basic_ostream<char,_Traits> &,const unsigned char *)'
C:\Users\quang\OneDrive\Documents\GitHub\BaiTapKieuCauTruc\23520493_23521082_23521462_23521604_23521672_BT05\Bai077\Bai077.cpp(64,39): message : 'initializing': cannot convert from 'hso' to 'const unsigned char *'
C:\Users\quang\OneDrive\Documents\GitHub\BaiTapKieuCauTruc\23520493_23521082_23521462_23521604_23521672_BT05\Bai077\Bai077.cpp(64,39): message : No user-defined-conversion operator available that can perform this conversion, or the operator cannot be called
C:\Program Files\Microsoft Visual Studio\2022\Community\VC\Tools\MSVC\14.37.32822\include\ostream(935,31): message : or       'std::basic_ostream<char,_Traits> &std::operator <<(std::basic_ostream<char,_Traits> &,signed char)'
C:\Users\quang\OneDrive\Documents\GitHub\BaiTapKieuCauTruc\23520493_23521082_23521462_23521604_23521672_BT05\Bai077\Bai077.cpp(64,39): message : 'initializing': cannot convert from 'hso' to 'signed char'
C:\Users\quang\OneDrive\Documents\GitHub\BaiTapKieuCauTruc\23520493_23521082_23521462_23521604_23521672_BT05\Bai077\Bai077.cpp(64,39): message : No user-defined-conversion operator available that can perform this conversion, or the operator cannot be called
C:\Program Files\Microsoft Visual Studio\2022\Community\VC\Tools\MSVC\14.37.32822\include\ostream(929,31): message : or       'std::basic_ostream<char,_Traits> &std::operator <<(std::basic_ostream<char,_Traits> &,const signed char *)'
C:\Users\quang\OneDrive\Documents\GitHub\BaiTapKieuCauTruc\23520493_23521082_23521462_23521604_23521672_BT05\Bai077\Bai077.cpp(64,39): message : 'initializing': cannot convert from 'hso' to 'const signed char *'
C:\Users\quang\OneDrive\Documents\GitHub\BaiTapKieuCauTruc\23520493_23521082_23521462_23521604_23521672_BT05\Bai077\Bai077.cpp(64,39): message : No user-defined-conversion operator available that can perform this conversion, or the operator cannot be called
C:\Program Files\Microsoft Visual Studio\2022\Community\VC\Tools\MSVC\14.37.32822\include\ostream(893,32): message : or       'std::basic_ostream<_Elem,_Traits> &std::operator <<(std::basic_ostream<_Elem,_Traits> &,_Elem)'
C:\Users\quang\OneDrive\Documents\GitHub\BaiTapKieuCauTruc\23520493_23521082_23521462_23521604_23521672_BT05\Bai077\Bai077.cpp(64,7): message : 'std::basic_ostream<_Elem,_Traits> &std::operator <<(std::basic_ostream<_Elem,_Traits> &,_Elem)': template parameter '_Elem' is ambiguous
C:\Users\quang\OneDrive\Documents\GitHub\BaiTapKieuCauTruc\23520493_23521082_23521462_23521604_23521672_BT05\Bai077\Bai077.cpp(64,7): message : could be 'hso'
C:\Users\quang\OneDrive\Documents\GitHub\BaiTapKieuCauTruc\23520493_23521082_23521462_23521604_23521672_BT05\Bai077\Bai077.cpp(64,7): message : or       'char'
C:\Users\quang\OneDrive\Documents\GitHub\BaiTapKieuCauTruc\23520493_23521082_23521462_23521604_23521672_BT05\Bai077\Bai077.cpp(64,7): message : 'std::basic_ostream<_Elem,_Traits> &std::operator <<(std::basic_ostream<_Elem,_Traits> &,_Elem)': could not deduce template argument for '_Elem' from 'hso'
C:\Program Files\Microsoft Visual Studio\2022\Community\VC\Tools\MSVC\14.37.32822\include\ostream(850,32): message : or       'std::basic_ostream<_Elem,_Traits> &std::operator <<(std::basic_ostream<_Elem,_Traits> &,const _Elem *)'
C:\Users\quang\OneDrive\Documents\GitHub\BaiTapKieuCauTruc\23520493_23521082_23521462_23521604_23521672_BT05\Bai077\Bai077.cpp(64,7): message : 'std::basic_ostream<_Elem,_Traits> &std::operator <<(std::basic_ostream<_Elem,_Traits> &,const _Elem *)': could not deduce template argument for 'const _Elem *' from 'hso'
C:\Program Files\Microsoft Visual Studio\2022\Community\VC\Tools\MSVC\14.37.32822\include\ostream(812,31): message : or       'std::basic_ostream<char,_Traits> &std::operator <<(std::basic_ostream<char,_Traits> &,char)'
C:\Users\quang\OneDrive\Documents\GitHub\BaiTapKieuCauTruc\23520493_23521082_23521462_23521604_23521672_BT05\Bai077\Bai077.cpp(64,39): message : 'initializing': cannot convert from 'hso' to 'char'
C:\Users\quang\OneDrive\Documents\GitHub\BaiTapKieuCauTruc\23520493_23521082_23521462_23521604_23521672_BT05\Bai077\Bai077.cpp(64,39): message : No user-defined-conversion operator available that can perform this conversion, or the operator cannot be called
C:\Program Files\Microsoft Visual Studio\2022\Community\VC\Tools\MSVC\14.37.32822\include\ostream(767,31): message : or       'std::basic_ostream<char,_Traits> &std::operator <<(std::basic_ostream<char,_Traits> &,const char *)'
C:\Users\quang\OneDrive\Documents\GitHub\BaiTapKieuCauTruc\23520493_23521082_23521462_23521604_23521672_BT05\Bai077\Bai077.cpp(64,39): message : 'initializing': cannot convert from 'hso' to 'const char *'
C:\Users\quang\OneDrive\Documents\GitHub\BaiTapKieuCauTruc\23520493_23521082_23521462_23521604_23521672_BT05\Bai077\Bai077.cpp(64,39): message : No user-defined-conversion operator available that can perform this conversion, or the operator cannot be called
C:\Program Files\Microsoft Visual Studio\2022\Community\VC\Tools\MSVC\14.37.32822\include\ostream(731,32): message : or       'std::basic_ostream<_Elem,_Traits> &std::operator <<(std::basic_ostream<_Elem,_Traits> &,char)'
C:\Users\quang\OneDrive\Documents\GitHub\BaiTapKieuCauTruc\23520493_23521082_23521462_23521604_23521672_BT05\Bai077\Bai077.cpp(64,39): message : 'initializing': cannot convert from 'hso' to 'char'
C:\Users\quang\OneDrive\Documents\GitHub\BaiTapKieuCauTruc\23520493_23521082_23521462_23521604_23521672_BT05\Bai077\Bai077.cpp(64,39): message : No user-defined-conversion operator available that can perform this conversion, or the operator cannot be called
C:\Program Files\Microsoft Visual Studio\2022\Community\VC\Tools\MSVC\14.37.32822\include\ostream(687,32): message : or       'std::basic_ostream<_Elem,_Traits> &std::operator <<(std::basic_ostream<_Elem,_Traits> &,const char *)'
C:\Users\quang\OneDrive\Documents\GitHub\BaiTapKieuCauTruc\23520493_23521082_23521462_23521604_23521672_BT05\Bai077\Bai077.cpp(64,39): message : 'initializing': cannot convert from 'hso' to 'const char *'
C:\Users\quang\OneDrive\Documents\GitHub\BaiTapKieuCauTruc\23520493_23521082_23521462_23521604_23521672_BT05\Bai077\Bai077.cpp(64,39): message : No user-defined-conversion operator available that can perform this conversion, or the operator cannot be called
C:\Program Files\Microsoft Visual Studio\2022\Community\VC\Tools\MSVC\14.37.32822\include\memory(3641,32): message : or       'std::basic_ostream<_Elem,_Traits> &std::operator <<(std::basic_ostream<_Elem,_Traits> &,const std::unique_ptr<_Ty2,_Dx2> &)'
C:\Users\quang\OneDrive\Documents\GitHub\BaiTapKieuCauTruc\23520493_23521082_23521462_23521604_23521672_BT05\Bai077\Bai077.cpp(64,7): message : 'std::basic_ostream<_Elem,_Traits> &std::operator <<(std::basic_ostream<_Elem,_Traits> &,const std::unique_ptr<_Ty2,_Dx2> &)': could not deduce template argument for 'const std::unique_ptr<_Ty2,_Dx2> &' from 'hso'
C:\Program Files\Microsoft Visual Studio\2022\Community\VC\Tools\MSVC\14.37.32822\include\memory(1988,32): message : or       'std::basic_ostream<_Elem,_Traits> &std::operator <<(std::basic_ostream<_Elem,_Traits> &,const std::shared_ptr<_Ty> &)'
C:\Users\quang\OneDrive\Documents\GitHub\BaiTapKieuCauTruc\23520493_23521082_23521462_23521604_23521672_BT05\Bai077\Bai077.cpp(64,7): message : 'std::basic_ostream<_Elem,_Traits> &std::operator <<(std::basic_ostream<_Elem,_Traits> &,const std::shared_ptr<_Ty> &)': could not deduce template argument for 'const std::shared_ptr<_Ty> &' from 'hso'
C:\Program Files\Microsoft Visual Studio\2022\Community\VC\Tools\MSVC\14.37.32822\include\xstring(5185,32): message : or       'std::basic_ostream<_Elem,_Traits> &std::operator <<(std::basic_ostream<_Elem,_Traits> &,const std::basic_string<_Elem,_Traits,_Alloc> &)'
C:\Users\quang\OneDrive\Documents\GitHub\BaiTapKieuCauTruc\23520493_23521082_23521462_23521604_23521672_BT05\Bai077\Bai077.cpp(64,7): message : 'std::basic_ostream<_Elem,_Traits> &std::operator <<(std::basic_ostream<_Elem,_Traits> &,const std::basic_string<_Elem,_Traits,_Alloc> &)': could not deduce template argument for 'const std::basic_string<_Elem,_Traits,_Alloc> &' from 'hso'
C:\Users\quang\OneDrive\Documents\GitHub\BaiTapKieuCauTruc\23520493_23521082_23521462_23521604_23521672_BT05\Bai077\Bai077.cpp(64,7): message : while trying to match the argument list '(std::basic_ostream<char,std::char_traits<char>>, hso)'
